<?xml version="1.0" encoding="UTF-8"?>
<!-- Generated by org.testng.reporters.JUnitReportReporter -->
<testsuite skipped="0" hostname="sai" name="uploadFile.UploadFile" tests="1" failures="0" timestamp="18 Jun 2019 18:05:12 GMT" time="18.468" errors="0">
  <testcase name="m1" time="18.468" classname="uploadFile.UploadFile"/>
</testsuite> <!-- uploadFile.UploadFile -->
