<?xml version="1.0" encoding="UTF-8"?>
<!-- Generated by org.testng.reporters.JUnitReportReporter -->
<testsuite skipped="0" hostname="sai" name="com.test.TestCase" tests="1" failures="0" timestamp="20 May 2019 08:10:58 GMT" time="13.284" errors="0">
  <testcase name="testPage" time="13.284" classname="com.test.TestCase"/>
</testsuite> <!-- com.test.TestCase -->
