<?xml version="1.0" encoding="UTF-8"?>
<!-- Generated by org.testng.reporters.JUnitReportReporter -->
<testsuite hostname="sai" failures="0" tests="1" name="Amazon.AmazonTestClass" time="4.581" errors="0" timestamp="30 Jul 2019 09:50:11 GMT" skipped="0">
  <testcase classname="Amazon.AmazonTestClass" name="testing" time="4.581"/>
</testsuite> <!-- Amazon.AmazonTestClass -->
