<?xml version="1.0" encoding="UTF-8"?>
<!-- Generated by org.testng.reporters.JUnitReportReporter -->
<testsuite hostname="sai" failures="0" tests="1" name="com.test.Pay" time="11.335" errors="0" timestamp="09 Jul 2019 07:51:16 GMT" skipped="0">
  <testcase classname="com.test.Pay" name="m1" time="11.335"/>
</testsuite> <!-- com.test.Pay -->
