<?xml version="1.0" encoding="UTF-8"?>
<!-- Generated by org.testng.reporters.JUnitReportReporter -->
<testsuite hostname="sai" failures="0" tests="1" name="FreeCRM.LoginTest" time="9.059" errors="0" timestamp="05 Aug 2019 09:33:32 GMT" skipped="0">
  <testcase classname="FreeCRM.LoginTest" name="loginTest1" time="9.059"/>
</testsuite> <!-- FreeCRM.LoginTest -->
